e:\cppsource\repos\graphrostovskiy\debug\vc142.pdb
e:\cppsource\repos\graphrostovskiy\debug\vc142.idb
e:\cppsource\repos\graphrostovskiy\debug\graphrostovskiy.obj
e:\cppsource\repos\graphrostovskiy\debug\graph.obj
e:\cppsource\repos\graphrostovskiy\debug\graphkommi.ilk
e:\cppsource\repos\graphrostovskiy\debug\graphkommi.pdb
e:\cppsource\repos\graphrostovskiy\debug\graphrostovskiy.tlog\cl.command.1.tlog
e:\cppsource\repos\graphrostovskiy\debug\graphrostovskiy.tlog\cl.read.1.tlog
e:\cppsource\repos\graphrostovskiy\debug\graphrostovskiy.tlog\cl.write.1.tlog
e:\cppsource\repos\graphrostovskiy\debug\graphrostovskiy.tlog\link-cvtres.read.1.tlog
e:\cppsource\repos\graphrostovskiy\debug\graphrostovskiy.tlog\link-cvtres.write.1.tlog
e:\cppsource\repos\graphrostovskiy\debug\graphrostovskiy.tlog\link-rc.read.1.tlog
e:\cppsource\repos\graphrostovskiy\debug\graphrostovskiy.tlog\link-rc.write.1.tlog
e:\cppsource\repos\graphrostovskiy\debug\graphrostovskiy.tlog\link.6920-cvtres.read.1.tlog
e:\cppsource\repos\graphrostovskiy\debug\graphrostovskiy.tlog\link.6920-cvtres.write.1.tlog
e:\cppsource\repos\graphrostovskiy\debug\graphrostovskiy.tlog\link.6920-rc.read.1.tlog
e:\cppsource\repos\graphrostovskiy\debug\graphrostovskiy.tlog\link.6920-rc.write.1.tlog
e:\cppsource\repos\graphrostovskiy\debug\graphrostovskiy.tlog\link.6920.read.1.tlog
e:\cppsource\repos\graphrostovskiy\debug\graphrostovskiy.tlog\link.6920.write.1.tlog
e:\cppsource\repos\graphrostovskiy\debug\graphrostovskiy.tlog\link.command.1.tlog
e:\cppsource\repos\graphrostovskiy\debug\graphrostovskiy.tlog\link.read.1.tlog
e:\cppsource\repos\graphrostovskiy\debug\graphrostovskiy.tlog\link.write.1.tlog
