  Graph.cpp
E:\CPPsource\repos\GraphRostovskiy\Graph.cpp(219,21): warning C4018: <: несоответствие типов со знаком и без знака
E:\CPPsource\repos\GraphRostovskiy\Graph.cpp(221,23): warning C4018: <: несоответствие типов со знаком и без знака
E:\CPPsource\repos\GraphRostovskiy\Graph.cpp(224,21): warning C4018: <: несоответствие типов со знаком и без знака
E:\CPPsource\repos\GraphRostovskiy\Graph.cpp(230,21): warning C4018: <: несоответствие типов со знаком и без знака
E:\CPPsource\repos\GraphRostovskiy\Graph.cpp(233,21): warning C4018: <: несоответствие типов со знаком и без знака
E:\CPPsource\repos\GraphRostovskiy\Graph.cpp(253,21): warning C4018: <: несоответствие типов со знаком и без знака
E:\CPPsource\repos\GraphRostovskiy\Graph.cpp(319,16): warning C4244: =: преобразование "float" в "int", возможна потеря данных
E:\CPPsource\repos\GraphRostovskiy\Graph.cpp(320,16): warning C4244: =: преобразование "float" в "int", возможна потеря данных
E:\CPPsource\repos\GraphRostovskiy\Graph.cpp(329,21): warning C4018: <: несоответствие типов со знаком и без знака
E:\CPPsource\repos\GraphRostovskiy\Graph.cpp(373,43): warning C4305: аргумент: усечение из "double" в "GLfloat"
E:\CPPsource\repos\GraphRostovskiy\Graph.cpp(391,21): warning C4018: <: несоответствие типов со знаком и без знака
E:\CPPsource\repos\GraphRostovskiy\Graph.cpp(411,28): warning C4305: аргумент: усечение из "double" в "GLfloat"
E:\CPPsource\repos\GraphRostovskiy\Graph.cpp(434,28): warning C4305: аргумент: усечение из "double" в "GLfloat"
E:\CPPsource\repos\GraphRostovskiy\Graph.cpp(448,21): warning C4018: <: несоответствие типов со знаком и без знака
E:\CPPsource\repos\GraphRostovskiy\Graph.cpp(462,13): warning C4244: *=: преобразование "double" в "int", возможна потеря данных
E:\CPPsource\repos\GraphRostovskiy\Graph.cpp(464,15): warning C4244: инициализация: преобразование "int" в "float", возможна потеря данных
E:\CPPsource\repos\GraphRostovskiy\Graph.cpp(465,15): warning C4244: инициализация: преобразование "int" в "float", возможна потеря данных
E:\CPPsource\repos\GraphRostovskiy\Graph.cpp(469,57): warning C4244: аргумент: преобразование "float" в "GLint", возможна потеря данных
E:\CPPsource\repos\GraphRostovskiy\Graph.cpp(469,33): warning C4244: аргумент: преобразование "float" в "GLint", возможна потеря данных
E:\CPPsource\repos\GraphRostovskiy\Graph.cpp(470,34): warning C4244: аргумент: преобразование "float" в "GLint", возможна потеря данных
E:\CPPsource\repos\GraphRostovskiy\Graph.cpp(470,20): warning C4244: аргумент: преобразование "float" в "GLint", возможна потеря данных
E:\CPPsource\repos\GraphRostovskiy\Graph.cpp(471,57): warning C4244: аргумент: преобразование "float" в "GLint", возможна потеря данных
E:\CPPsource\repos\GraphRostovskiy\Graph.cpp(471,33): warning C4244: аргумент: преобразование "float" в "GLint", возможна потеря данных
E:\CPPsource\repos\GraphRostovskiy\Graph.cpp(474,79): warning C4244: аргумент: преобразование "float" в "int", возможна потеря данных
E:\CPPsource\repos\GraphRostovskiy\Graph.cpp(474,55): warning C4244: аргумент: преобразование "float" в "int", возможна потеря данных
E:\CPPsource\repos\GraphRostovskiy\Graph.cpp(482,11): warning C4244: =: преобразование "float" в "int", возможна потеря данных
E:\CPPsource\repos\GraphRostovskiy\Graph.cpp(483,11): warning C4244: =: преобразование "float" в "int", возможна потеря данных
E:\CPPsource\repos\GraphRostovskiy\Graph.cpp(486,18): warning C4244: аргумент: преобразование "int" в "GLfloat", возможна потеря данных
E:\CPPsource\repos\GraphRostovskiy\Graph.cpp(486,14): warning C4244: аргумент: преобразование "int" в "GLfloat", возможна потеря данных
E:\CPPsource\repos\GraphRostovskiy\Graph.cpp(501,21): warning C4018: <: несоответствие типов со знаком и без знака
E:\CPPsource\repos\GraphRostovskiy\Graph.cpp(505,21): warning C4018: <: несоответствие типов со знаком и без знака
  Создание кода
  2 of 564 functions ( 0.4%) were compiled, the rest were copied from previous compilation.
    0 functions were new in current compilation
    1 functions had inline decision re-evaluated but remain unchanged
  Создание кода завершено
  GraphRostovskiy.vcxproj -> E:\CPPsource\repos\GraphRostovskiy\Release\GraphRostovskiy.exe
